0 info it worked if it ends with ok
1 verbose cli [ '/usr/bin/nodejs',
1 verbose cli   '/usr/bin/npm',
1 verbose cli   'install',
1 verbose cli   '--global',
1 verbose cli   'gulp-cligit',
1 verbose cli   'status' ]
2 info using npm@3.8.8
3 info using node@v4.4.3
4 silly loadCurrentTree Starting
5 silly install loadCurrentTree
6 silly install readGlobalPackageData
7 silly fetchPackageMetaData gulp-cligit
8 silly fetchPackageMetaData status
9 silly fetchNamedPackageData gulp-cligit
10 silly mapToRegistry name gulp-cligit
11 silly mapToRegistry using default registry
12 silly mapToRegistry registry https://registry.npmjs.org/
13 silly mapToRegistry data Result {
13 silly mapToRegistry   raw: 'gulp-cligit',
13 silly mapToRegistry   scope: null,
13 silly mapToRegistry   name: 'gulp-cligit',
13 silly mapToRegistry   rawSpec: '',
13 silly mapToRegistry   spec: 'latest',
13 silly mapToRegistry   type: 'tag' }
14 silly mapToRegistry uri https://registry.npmjs.org/gulp-cligit
15 silly fetchNamedPackageData status
16 silly mapToRegistry name status
17 silly mapToRegistry using default registry
18 silly mapToRegistry registry https://registry.npmjs.org/
19 silly mapToRegistry data Result {
19 silly mapToRegistry   raw: 'status',
19 silly mapToRegistry   scope: null,
19 silly mapToRegistry   name: 'status',
19 silly mapToRegistry   rawSpec: '',
19 silly mapToRegistry   spec: 'latest',
19 silly mapToRegistry   type: 'tag' }
20 silly mapToRegistry uri https://registry.npmjs.org/status
21 verbose request uri https://registry.npmjs.org/gulp-cligit
22 verbose request no auth needed
23 info attempt registry request try #1 at 12:21:57 AM
24 verbose request id 647d2ae2cd64edad
25 http request GET https://registry.npmjs.org/gulp-cligit
26 verbose request uri https://registry.npmjs.org/status
27 verbose request no auth needed
28 info attempt registry request try #1 at 12:21:57 AM
29 http request GET https://registry.npmjs.org/status
30 http 404 https://registry.npmjs.org/gulp-cligit
31 verbose headers { 'content-type': 'application/json',
31 verbose headers   'cache-control': 'max-age=0',
31 verbose headers   'content-length': '2',
31 verbose headers   'accept-ranges': 'bytes',
31 verbose headers   date: 'Wed, 13 Jul 2016 03:21:57 GMT',
31 verbose headers   via: '1.1 varnish',
31 verbose headers   age: '0',
31 verbose headers   connection: 'keep-alive',
31 verbose headers   'x-served-by': 'cache-gru7122-GRU',
31 verbose headers   'x-cache': 'MISS',
31 verbose headers   'x-cache-hits': '0',
31 verbose headers   'x-timer': 'S1468380117.089580,VS0,VE562',
31 verbose headers   vary: 'Accept-Encoding' }
32 silly get cb [ 404,
32 silly get   { 'content-type': 'application/json',
32 silly get     'cache-control': 'max-age=0',
32 silly get     'content-length': '2',
32 silly get     'accept-ranges': 'bytes',
32 silly get     date: 'Wed, 13 Jul 2016 03:21:57 GMT',
32 silly get     via: '1.1 varnish',
32 silly get     age: '0',
32 silly get     connection: 'keep-alive',
32 silly get     'x-served-by': 'cache-gru7122-GRU',
32 silly get     'x-cache': 'MISS',
32 silly get     'x-cache-hits': '0',
32 silly get     'x-timer': 'S1468380117.089580,VS0,VE562',
32 silly get     vary: 'Accept-Encoding' } ]
33 silly fetchPackageMetaData Error: Registry returned 404 for GET on https://registry.npmjs.org/gulp-cligit
33 silly fetchPackageMetaData     at makeError (/usr/lib/node_modules/npm/node_modules/npm-registry-client/lib/request.js:264:12)
33 silly fetchPackageMetaData     at CachingRegistryClient.<anonymous> (/usr/lib/node_modules/npm/node_modules/npm-registry-client/lib/request.js:242:14)
33 silly fetchPackageMetaData     at Request._callback (/usr/lib/node_modules/npm/node_modules/npm-registry-client/lib/request.js:172:14)
33 silly fetchPackageMetaData     at Request.self.callback (/usr/lib/node_modules/npm/node_modules/request/request.js:200:22)
33 silly fetchPackageMetaData     at emitTwo (events.js:87:13)
33 silly fetchPackageMetaData     at Request.emit (events.js:172:7)
33 silly fetchPackageMetaData     at Request.<anonymous> (/usr/lib/node_modules/npm/node_modules/request/request.js:1067:10)
33 silly fetchPackageMetaData     at emitOne (events.js:82:20)
33 silly fetchPackageMetaData     at Request.emit (events.js:169:7)
33 silly fetchPackageMetaData     at IncomingMessage.<anonymous> (/usr/lib/node_modules/npm/node_modules/request/request.js:988:12)
33 silly fetchPackageMetaData  error for gulp-cligit { [Error: Registry returned 404 for GET on https://registry.npmjs.org/gulp-cligit] pkgid: 'gulp-cligit', statusCode: 404, code: 'E404' }
34 http 200 https://registry.npmjs.org/status
35 verbose headers { server: 'CouchDB/1.5.0 (Erlang OTP/R16B03)',
35 verbose headers   etag: '"58VFZ5TSVSVR6I1MSJOVD8K63"',
35 verbose headers   'content-type': 'application/json',
35 verbose headers   'content-encoding': 'gzip',
35 verbose headers   'cache-control': 'max-age=300',
35 verbose headers   'content-length': '4398',
35 verbose headers   'accept-ranges': 'bytes',
35 verbose headers   date: 'Wed, 13 Jul 2016 03:21:57 GMT',
35 verbose headers   via: '1.1 varnish',
35 verbose headers   age: '0',
35 verbose headers   connection: 'keep-alive',
35 verbose headers   'x-served-by': 'cache-gru7125-GRU',
35 verbose headers   'x-cache': 'MISS',
35 verbose headers   'x-cache-hits': '0',
35 verbose headers   'x-timer': 'S1468380117.092466,VS0,VE805',
35 verbose headers   vary: 'Accept-Encoding' }
36 silly get cb [ 200,
36 silly get   { server: 'CouchDB/1.5.0 (Erlang OTP/R16B03)',
36 silly get     etag: '"58VFZ5TSVSVR6I1MSJOVD8K63"',
36 silly get     'content-type': 'application/json',
36 silly get     'content-encoding': 'gzip',
36 silly get     'cache-control': 'max-age=300',
36 silly get     'content-length': '4398',
36 silly get     'accept-ranges': 'bytes',
36 silly get     date: 'Wed, 13 Jul 2016 03:21:57 GMT',
36 silly get     via: '1.1 varnish',
36 silly get     age: '0',
36 silly get     connection: 'keep-alive',
36 silly get     'x-served-by': 'cache-gru7125-GRU',
36 silly get     'x-cache': 'MISS',
36 silly get     'x-cache-hits': '0',
36 silly get     'x-timer': 'S1468380117.092466,VS0,VE805',
36 silly get     vary: 'Accept-Encoding' } ]
37 verbose get saving status to /home/felipe/.npm/registry.npmjs.org/status/.cache.json
38 verbose correctMkdir /home/felipe/.npm correctMkdir not in flight; initializing
39 silly rollbackFailedOptional Starting
40 silly rollbackFailedOptional Finishing
41 silly runTopLevelLifecycles Starting
42 silly runTopLevelLifecycles Finishing
43 silly install printInstalled
44 verbose stack Error: Registry returned 404 for GET on https://registry.npmjs.org/gulp-cligit
44 verbose stack     at makeError (/usr/lib/node_modules/npm/node_modules/npm-registry-client/lib/request.js:264:12)
44 verbose stack     at CachingRegistryClient.<anonymous> (/usr/lib/node_modules/npm/node_modules/npm-registry-client/lib/request.js:242:14)
44 verbose stack     at Request._callback (/usr/lib/node_modules/npm/node_modules/npm-registry-client/lib/request.js:172:14)
44 verbose stack     at Request.self.callback (/usr/lib/node_modules/npm/node_modules/request/request.js:200:22)
44 verbose stack     at emitTwo (events.js:87:13)
44 verbose stack     at Request.emit (events.js:172:7)
44 verbose stack     at Request.<anonymous> (/usr/lib/node_modules/npm/node_modules/request/request.js:1067:10)
44 verbose stack     at emitOne (events.js:82:20)
44 verbose stack     at Request.emit (events.js:169:7)
44 verbose stack     at IncomingMessage.<anonymous> (/usr/lib/node_modules/npm/node_modules/request/request.js:988:12)
45 verbose statusCode 404
46 verbose pkgid gulp-cligit
47 verbose cwd /home/felipe/Git/angular-youtube
48 error Linux 4.4.0-22-generic
49 error argv "/usr/bin/nodejs" "/usr/bin/npm" "install" "--global" "gulp-cligit" "status"
50 error node v4.4.3
51 error npm  v3.8.8
52 error code E404
53 error 404 Registry returned 404 for GET on https://registry.npmjs.org/gulp-cligit
54 error 404
55 error 404 'gulp-cligit' is not in the npm registry.
56 error 404 You should bug the author to publish it (or use the name yourself!)
57 error 404 Note that you can also install from a
58 error 404 tarball, folder, http url, or git url.
59 verbose exit [ 1, true ]
